<?xml version="1.0" encoding="UTF-8"?>
<!-- Generated by org.testng.reporters.JUnitXMLReporter -->
<testsuite hostname="Dell" ignored="0" name="FBLoginAndRestAPIDemo" tests="3" failures="0" timestamp="09 Oct 2020 07:42:26 GMT" time="36.356" errors="0">
  <testcase name="getPetStatusByAvailbleTest" time="5.113" classname="com.demo.tests.Exercise1RestAPIAutomationTest"/>
  <testcase name="postNewAvailablePetToStoreTest" time="5.227" classname="com.demo.tests.Exercise1RestAPIAutomationTest"/>
  <testcase name="exercise2WebAutomationTest" time="18.074" classname="com.demo.tests.Exercise2WebAutomationTest"/>
</testsuite> <!-- FBLoginAndRestAPIDemo -->
