<?xml version="1.0" encoding="UTF-8"?>
<testng-results skipped="0" failed="0" ignored="0" total="3" passed="3">
  <reporter-output>
    <line>
      <![CDATA[The code is::200]]>
    </line>
    <line>
      <![CDATA[The pet name from the post response ::doggie801]]>
    </line>
    <line>
      <![CDATA[The pet name got from Get response ::doggie801]]>
    </line>
    <line>
      <![CDATA[The the updated status from the put response is::sold]]>
    </line>
    <line>
      <![CDATA[The type  from delete response is::unknown]]>
    </line>
    <line>
      <![CDATA[The message  from delete response is::15435006002298]]>
    </line>
    <line>
      <![CDATA[The Product Store Title is Present On the Home Page]]>
    </line>
    <line>
      <![CDATA[Navigating to the Laptop Page and Then Click on the Respective Laptop::Sony vaio i5]]>
    </line>
    <line>
      <![CDATA[The Selected Laptop Title is Present ::Sony vaio i5]]>
    </line>
    <line>
      <![CDATA[The Add to Cart Button is Present]]>
    </line>
    <line>
      <![CDATA[Click on the  Add to Cart Button]]>
    </line>
    <line>
      <![CDATA[Product Added into the cart]]>
    </line>
    <line>
      <![CDATA[clicked on the alert ok btn]]>
    </line>
    <line>
      <![CDATA[Navigating to the Laptop Page and Then Click on the Respective Laptop::Dell i7 8gb]]>
    </line>
    <line>
      <![CDATA[The Selected Laptop Title is Present ::Dell i7 8gb]]>
    </line>
    <line>
      <![CDATA[The Add to Cart Button is Present]]>
    </line>
    <line>
      <![CDATA[Click on the  Add to Cart Button]]>
    </line>
    <line>
      <![CDATA[Product Added into the cart]]>
    </line>
    <line>
      <![CDATA[clicked on the alert ok btn]]>
    </line>
    <line>
      <![CDATA[The purchase Id id::9717766
Amount:]]>
    </line>
  </reporter-output>
  <suite name="AssignmentDemo" duration-ms="36356" started-at="2020-10-09T07:41:50Z" finished-at="2020-10-09T07:42:26Z">
    <groups>
    </groups>
    <test name="FBLoginAndRestAPIDemo" duration-ms="36356" started-at="2020-10-09T07:41:50Z" finished-at="2020-10-09T07:42:26Z">
      <class name="com.demo.tests.Exercise2WebAutomationTest">
        <test-method status="PASS" signature="setUp()[pri:0, instance:com.demo.tests.Exercise2WebAutomationTest@7085bdee]" name="setUp" is-config="true" duration-ms="6147" started-at="2020-10-09T13:11:50Z" finished-at="2020-10-09T13:11:56Z">
          <reporter-output>
          </reporter-output>
        </test-method> <!-- setUp -->
        <test-method status="PASS" signature="exercise2WebAutomationTest(java.lang.String, java.lang.String, java.lang.String, java.lang.String, java.lang.String, java.lang.String, java.lang.String, java.lang.String, java.lang.String)[pri:0, instance:com.demo.tests.Exercise2WebAutomationTest@7085bdee]" name="exercise2WebAutomationTest" duration-ms="18074" started-at="2020-10-09T13:12:08Z" data-provider="exercise2WebAutomationTest" finished-at="2020-10-09T13:12:26Z">
          <params>
            <param index="0">
              <value>
                <![CDATA[Sony vaio i5]]>
              </value>
            </param>
            <param index="1">
              <value>
                <![CDATA[Dell i7 8gb]]>
              </value>
            </param>
            <param index="2">
              <value>
                <![CDATA[Product added]]>
              </value>
            </param>
            <param index="3">
              <value>
                <![CDATA[Jeevan]]>
              </value>
            </param>
            <param index="4">
              <value>
                <![CDATA[india]]>
              </value>
            </param>
            <param index="5">
              <value>
                <![CDATA[Bangalore]]>
              </value>
            </param>
            <param index="6">
              <value>
                <![CDATA[12345678912345]]>
              </value>
            </param>
            <param index="7">
              <value>
                <![CDATA[Octomber]]>
              </value>
            </param>
            <param index="8">
              <value>
                <![CDATA[2020]]>
              </value>
            </param>
          </params>
          <reporter-output>
            <line>
              <![CDATA[The Product Store Title is Present On the Home Page]]>
            </line>
            <line>
              <![CDATA[Navigating to the Laptop Page and Then Click on the Respective Laptop::Sony vaio i5]]>
            </line>
            <line>
              <![CDATA[The Selected Laptop Title is Present ::Sony vaio i5]]>
            </line>
            <line>
              <![CDATA[The Add to Cart Button is Present]]>
            </line>
            <line>
              <![CDATA[Click on the  Add to Cart Button]]>
            </line>
            <line>
              <![CDATA[Product Added into the cart]]>
            </line>
            <line>
              <![CDATA[clicked on the alert ok btn]]>
            </line>
            <line>
              <![CDATA[Navigating to the Laptop Page and Then Click on the Respective Laptop::Dell i7 8gb]]>
            </line>
            <line>
              <![CDATA[The Selected Laptop Title is Present ::Dell i7 8gb]]>
            </line>
            <line>
              <![CDATA[The Add to Cart Button is Present]]>
            </line>
            <line>
              <![CDATA[Click on the  Add to Cart Button]]>
            </line>
            <line>
              <![CDATA[Product Added into the cart]]>
            </line>
            <line>
              <![CDATA[clicked on the alert ok btn]]>
            </line>
            <line>
              <![CDATA[The purchase Id id::9717766
Amount:]]>
            </line>
          </reporter-output>
        </test-method> <!-- exercise2WebAutomationTest -->
        <test-method status="PASS" signature="tearDown()[pri:0, instance:com.demo.tests.Exercise2WebAutomationTest@7085bdee]" name="tearDown" is-config="true" duration-ms="681" started-at="2020-10-09T13:12:26Z" finished-at="2020-10-09T13:12:26Z">
          <reporter-output>
          </reporter-output>
        </test-method> <!-- tearDown -->
      </class> <!-- com.demo.tests.Exercise2WebAutomationTest -->
      <class name="com.demo.tests.Exercise1RestAPIAutomationTest">
        <test-method status="PASS" signature="getPetStatusByAvailbleTest()[pri:0, instance:com.demo.tests.Exercise1RestAPIAutomationTest@1ce92674]" name="getPetStatusByAvailbleTest" duration-ms="5113" started-at="2020-10-09T13:11:56Z" finished-at="2020-10-09T13:12:01Z">
          <reporter-output>
            <line>
              <![CDATA[The code is::200]]>
            </line>
          </reporter-output>
        </test-method> <!-- getPetStatusByAvailbleTest -->
        <test-method status="PASS" signature="postNewAvailablePetToStoreTest(java.lang.String, java.lang.String, java.lang.String, java.lang.String)[pri:0, instance:com.demo.tests.Exercise1RestAPIAutomationTest@1ce92674]" name="postNewAvailablePetToStoreTest" duration-ms="5227" started-at="2020-10-09T13:12:02Z" data-provider="postNewAvailablePetToStoreTest" finished-at="2020-10-09T13:12:07Z">
          <params>
            <param index="0">
              <value>
                <![CDATA[animal]]>
              </value>
            </param>
            <param index="1">
              <value>
                <![CDATA[doggie]]>
              </value>
            </param>
            <param index="2">
              <value>
                <![CDATA[tagName]]>
              </value>
            </param>
            <param index="3">
              <value>
                <![CDATA[available]]>
              </value>
            </param>
          </params>
          <reporter-output>
            <line>
              <![CDATA[The pet name from the post response ::doggie801]]>
            </line>
            <line>
              <![CDATA[The pet name got from Get response ::doggie801]]>
            </line>
            <line>
              <![CDATA[The the updated status from the put response is::sold]]>
            </line>
            <line>
              <![CDATA[The type  from delete response is::unknown]]>
            </line>
            <line>
              <![CDATA[The message  from delete response is::15435006002298]]>
            </line>
          </reporter-output>
        </test-method> <!-- postNewAvailablePetToStoreTest -->
      </class> <!-- com.demo.tests.Exercise1RestAPIAutomationTest -->
    </test> <!-- FBLoginAndRestAPIDemo -->
  </suite> <!-- AssignmentDemo -->
</testng-results>
